Created pcores directory

Checking platform configuration ...
IPNAME:plb_v46 INSTANCE:plb_v46_0 -
/home/aalonso/workspace/xlnx/xilinx-ml507-updated/system.mhs line 110 - 2
master(s) : 16 slave(s)

Checking port drivers...
WARNING:EDK:2099 - PORT:Peripheral_Reset CONNECTOR:sys_periph_reset -
   /home/aalonso/workspace/xlnx/xilinx-ml507-updated/system.mhs line 415 -
   floating connection!

Performing Clock DRCs...

Performing Reset DRCs...

Overriding system level properties...

Running system level update procedures...

Running UPDATE Tcl procedures for OPTION SYSLEVEL_UPDATE_PROC...

Running system level DRCs...

Performing System level DRCs on properties...

Running DRC Tcl procedures for OPTION SYSLEVEL_DRC_PROC...
Port present in Ethernet_MAC
I'm now in proc syslevel_check_micontrol
Conversion to XML complete.
